500000
transforming and plotting ...
---- found nan in X TW_in !!!!
Part2 Rows with NaN values:
            rp_5     rp_10    rp_15     rp_25     rp_35     rp_50     rp_60  \
1763   -0.014692 -0.006236 -0.00733 -0.002402  0.005525  0.006722  0.006638   
1770   -0.014692 -0.006236 -0.00733 -0.002402  0.005525  0.006722  0.006638   
1771   -0.014692 -0.006236 -0.00733 -0.002402  0.005525  0.006722  0.006638   
1772   -0.014692 -0.006236 -0.00733 -0.002402  0.005525  0.006722  0.006638   
1773   -0.014692 -0.006236 -0.00733 -0.002402  0.005525  0.006722  0.006638   
...          ...       ...      ...       ...       ...       ...       ...   
499980 -0.014692 -0.006236 -0.00733 -0.002402  0.005525  0.006722  0.006638   
499991 -0.014692 -0.006236 -0.00733 -0.002402  0.005525  0.006722  0.006638   
499992 -0.014692 -0.006236 -0.00733 -0.002402  0.005525  0.006722  0.006638   
499994 -0.014692 -0.006236 -0.00733 -0.002402  0.005525  0.006722  0.006638   
499996 -0.014692 -0.006236 -0.00733 -0.002402  0.005525  0.006722  0.006638   

          rp_75     rp_85     rp_90     rp_95     rp_98     rp_99    rp_200  \
1763    0.00738  0.008001  0.010294  0.011265  0.011756  0.011902  0.013062   
1770    0.00738  0.008001  0.010294  0.011265  0.011756  0.011902  0.013062   
1771    0.00738  0.008001  0.010294  0.011265  0.011756  0.011902  0.013062   
1772    0.00738  0.008001  0.010294  0.011265  0.011756  0.011902  0.013062   
1773    0.00738  0.008001  0.010294  0.011265  0.011756  0.011902  0.013062   
...         ...       ...       ...       ...       ...       ...       ...   
499980  0.00738  0.008001  0.010294  0.011265  0.011756  0.011902  0.013062   
499991  0.00738  0.008001  0.010294  0.011265  0.011756  0.011902  0.013062   
499992  0.00738  0.008001  0.010294  0.011265  0.011756  0.011902  0.013062   
499994  0.00738  0.008001  0.010294  0.011265  0.011756  0.011902  0.013062   
499996  0.00738  0.008001  0.010294  0.011265  0.011756  0.011902  0.013062   

          rp_500  ...  nwm_75_ap  nwm_min  nwm_dummy  RunoffWs  \
1763    0.005691  ...   149.1695    0.625          0     760.0   
1770    0.005691  ...   149.1695    0.625          0     760.0   
1771    0.005691  ...   149.1695    0.625          0     760.0   
1772    0.005691  ...   149.1695    0.625          0     760.0   
1773    0.005691  ...   149.1695    0.625          0     760.0   
...          ...  ...        ...      ...        ...       ...   
499980  0.005691  ...   149.1695    0.625          0     803.0   
499991  0.005691  ...   149.1695    0.625          0     803.0   
499992  0.005691  ...   149.1695    0.625          0     803.0   
499994  0.005691  ...   149.1695    0.625          0     803.0   
499996  0.005691  ...   149.1695    0.625          0     803.0   

        PctFrstLoss2011Ws  RckDepWs  PctHbWet2011Ws  scat_dummy  nwm_25  \
1763                 0.00   145.540        5.000000           1   2.125   
1770                 3.24   111.170        0.328371           1   2.125   
1771                 0.34   111.170        6.552262           1   2.125   
1772                 0.00   111.170        3.600925           1   2.125   
1773                 0.64   111.170        2.646768           1   2.125   
...                   ...       ...             ...         ...     ...   
499980               0.15   152.400        5.187418           1   2.125   
499991               0.05   152.400        1.125390           1   2.125   
499992               0.64   152.400        7.514323           1   2.125   
499994               0.00   152.400        8.621636           1   2.125   
499996               0.00   140.604        1.250000           1   2.125   

         ecanop_tavg  nwm_50  in_ff  PctEolFineWs        bf_ff  terra_dummy  
1763    4.189091e-06  4.1875  176.0           0.0  3312.666667            1  
1770    4.171484e-06  4.1875  176.0           0.0  3312.666667            1  
1771    4.171484e-06  4.1875  176.0           0.0  3312.666667            1  
1772    4.171484e-06  4.1875  176.0           0.0  3312.666667            1  
1773    4.171484e-06  4.1875  176.0           0.0  3312.666667            1  
...              ...     ...    ...           ...          ...          ...  
499980  3.359876e-06  4.1875  176.0           0.0  3312.666667            1  
499991  4.753431e-07  4.1875  176.0           0.0  3312.666667            1  
499992  1.998484e-07  4.1875  176.0           0.0  3312.666667            1  
499994  1.998484e-07  4.1875  176.0           0.0  3312.666667            1  
499996  4.753431e-07  4.1875  176.0           0.0  3312.666667            1  

[13651 rows x 150 columns]
transforming and plotting ...
--------------- End of Y transformation ---------------
transforming and plotting ...
---- found nan in X TW_bf !!!!
Part2 Rows with NaN values:
            rp_5     rp_10    rp_15     rp_25     rp_35     rp_50     rp_60  \
1763   -0.014692 -0.006236 -0.00733 -0.002402  0.005525  0.006722  0.006638   
1770   -0.014692 -0.006236 -0.00733 -0.002402  0.005525  0.006722  0.006638   
1771   -0.014692 -0.006236 -0.00733 -0.002402  0.005525  0.006722  0.006638   
1772   -0.014692 -0.006236 -0.00733 -0.002402  0.005525  0.006722  0.006638   
1773   -0.014692 -0.006236 -0.00733 -0.002402  0.005525  0.006722  0.006638   
...          ...       ...      ...       ...       ...       ...       ...   
499980 -0.014692 -0.006236 -0.00733 -0.002402  0.005525  0.006722  0.006638   
499991 -0.014692 -0.006236 -0.00733 -0.002402  0.005525  0.006722  0.006638   
499992 -0.014692 -0.006236 -0.00733 -0.002402  0.005525  0.006722  0.006638   
499994 -0.014692 -0.006236 -0.00733 -0.002402  0.005525  0.006722  0.006638   
499996 -0.014692 -0.006236 -0.00733 -0.002402  0.005525  0.006722  0.006638   

          rp_75     rp_85     rp_90     rp_95     rp_98     rp_99    rp_200  \
1763    0.00738  0.008001  0.010294  0.011265  0.011756  0.011902  0.013062   
1770    0.00738  0.008001  0.010294  0.011265  0.011756  0.011902  0.013062   
1771    0.00738  0.008001  0.010294  0.011265  0.011756  0.011902  0.013062   
1772    0.00738  0.008001  0.010294  0.011265  0.011756  0.011902  0.013062   
1773    0.00738  0.008001  0.010294  0.011265  0.011756  0.011902  0.013062   
...         ...       ...       ...       ...       ...       ...       ...   
499980  0.00738  0.008001  0.010294  0.011265  0.011756  0.011902  0.013062   
499991  0.00738  0.008001  0.010294  0.011265  0.011756  0.011902  0.013062   
499992  0.00738  0.008001  0.010294  0.011265  0.011756  0.011902  0.013062   
499994  0.00738  0.008001  0.010294  0.011265  0.011756  0.011902  0.013062   
499996  0.00738  0.008001  0.010294  0.011265  0.011756  0.011902  0.013062   

          rp_500  ...  nwm_75_ap  nwm_min  nwm_dummy  RunoffWs  \
1763    0.005691  ...   149.1695    0.625          0     760.0   
1770    0.005691  ...   149.1695    0.625          0     760.0   
1771    0.005691  ...   149.1695    0.625          0     760.0   
1772    0.005691  ...   149.1695    0.625          0     760.0   
1773    0.005691  ...   149.1695    0.625          0     760.0   
...          ...  ...        ...      ...        ...       ...   
499980  0.005691  ...   149.1695    0.625          0     803.0   
499991  0.005691  ...   149.1695    0.625          0     803.0   
499992  0.005691  ...   149.1695    0.625          0     803.0   
499994  0.005691  ...   149.1695    0.625          0     803.0   
499996  0.005691  ...   149.1695    0.625          0     803.0   

        PctFrstLoss2011Ws  RckDepWs  PctHbWet2011Ws  scat_dummy  nwm_25  \
1763                 0.00   145.540        5.000000           1   2.125   
1770                 3.24   111.170        0.328371           1   2.125   
1771                 0.34   111.170        6.552262           1   2.125   
1772                 0.00   111.170        3.600925           1   2.125   
1773                 0.64   111.170        2.646768           1   2.125   
...                   ...       ...             ...         ...     ...   
499980               0.15   152.400        5.187418           1   2.125   
499991               0.05   152.400        1.125390           1   2.125   
499992               0.64   152.400        7.514323           1   2.125   
499994               0.00   152.400        8.621636           1   2.125   
499996               0.00   140.604        1.250000           1   2.125   

         ecanop_tavg  nwm_50  in_ff  PctEolFineWs        bf_ff  terra_dummy  
1763    4.189091e-06  4.1875  176.0           0.0  3312.666667            1  
1770    4.171484e-06  4.1875  176.0           0.0  3312.666667            1  
1771    4.171484e-06  4.1875  176.0           0.0  3312.666667            1  
1772    4.171484e-06  4.1875  176.0           0.0  3312.666667            1  
1773    4.171484e-06  4.1875  176.0           0.0  3312.666667            1  
...              ...     ...    ...           ...          ...          ...  
499980  3.359876e-06  4.1875  176.0           0.0  3312.666667            1  
499991  4.753431e-07  4.1875  176.0           0.0  3312.666667            1  
499992  1.998484e-07  4.1875  176.0           0.0  3312.666667            1  
499994  1.998484e-07  4.1875  176.0           0.0  3312.666667            1  
499996  4.753431e-07  4.1875  176.0           0.0  3312.666667            1  

[13651 rows x 150 columns]
transforming and plotting ...
--------------- End of Y transformation ---------------
transforming and plotting ...
---- found nan in X Y_bf !!!!
Part2 Rows with NaN values:
            rp_5     rp_10     rp_15     rp_25     rp_35     rp_50     rp_60  \
1763   -0.207879 -0.188007 -0.183315 -0.170878 -0.158086 -0.151794 -0.149228   
1770   -0.207879 -0.188007 -0.183315 -0.170878 -0.158086 -0.151794 -0.149228   
1771   -0.207879 -0.188007 -0.183315 -0.170878 -0.158086 -0.151794 -0.149228   
1772   -0.207879 -0.188007 -0.183315 -0.170878 -0.158086 -0.151794 -0.149228   
1773   -0.207879 -0.188007 -0.183315 -0.170878 -0.158086 -0.151794 -0.149228   
...          ...       ...       ...       ...       ...       ...       ...   
499980 -0.207879 -0.188007 -0.183315 -0.170878 -0.158086 -0.151794 -0.149228   
499991 -0.207879 -0.188007 -0.183315 -0.170878 -0.158086 -0.151794 -0.149228   
499992 -0.207879 -0.188007 -0.183315 -0.170878 -0.158086 -0.151794 -0.149228   
499994 -0.207879 -0.188007 -0.183315 -0.170878 -0.158086 -0.151794 -0.149228   
499996 -0.207879 -0.188007 -0.183315 -0.170878 -0.158086 -0.151794 -0.149228   

           rp_75   rp_85     rp_90     rp_95     rp_98     rp_99    rp_200  \
1763   -0.145532 -0.1432 -0.139964 -0.138315 -0.137426 -0.137122 -0.127155   
1770   -0.145532 -0.1432 -0.139964 -0.138315 -0.137426 -0.137122 -0.127155   
1771   -0.145532 -0.1432 -0.139964 -0.138315 -0.137426 -0.137122 -0.127155   
1772   -0.145532 -0.1432 -0.139964 -0.138315 -0.137426 -0.137122 -0.127155   
1773   -0.145532 -0.1432 -0.139964 -0.138315 -0.137426 -0.137122 -0.127155   
...          ...     ...       ...       ...       ...       ...       ...   
499980 -0.145532 -0.1432 -0.139964 -0.138315 -0.137426 -0.137122 -0.127155   
499991 -0.145532 -0.1432 -0.139964 -0.138315 -0.137426 -0.137122 -0.127155   
499992 -0.145532 -0.1432 -0.139964 -0.138315 -0.137426 -0.137122 -0.127155   
499994 -0.145532 -0.1432 -0.139964 -0.138315 -0.137426 -0.137122 -0.127155   
499996 -0.145532 -0.1432 -0.139964 -0.138315 -0.137426 -0.137122 -0.127155   

          rp_500  ...  nwm_75_ap  nwm_min  nwm_dummy  RunoffWs  \
1763   -0.122177  ...   149.1695    0.625          0     760.0   
1770   -0.122177  ...   149.1695    0.625          0     760.0   
1771   -0.122177  ...   149.1695    0.625          0     760.0   
1772   -0.122177  ...   149.1695    0.625          0     760.0   
1773   -0.122177  ...   149.1695    0.625          0     760.0   
...          ...  ...        ...      ...        ...       ...   
499980 -0.122177  ...   149.1695    0.625          0     803.0   
499991 -0.122177  ...   149.1695    0.625          0     803.0   
499992 -0.122177  ...   149.1695    0.625          0     803.0   
499994 -0.122177  ...   149.1695    0.625          0     803.0   
499996 -0.122177  ...   149.1695    0.625          0     803.0   

        PctFrstLoss2011Ws  RckDepWs  PctHbWet2011Ws  scat_dummy  nwm_25  \
1763                 0.00   145.540        5.000000           1   2.125   
1770                 3.24   111.170        0.328371           1   2.125   
1771                 0.34   111.170        6.552262           1   2.125   
1772                 0.00   111.170        3.600925           1   2.125   
1773                 0.64   111.170        2.646768           1   2.125   
...                   ...       ...             ...         ...     ...   
499980               0.15   152.400        5.187418           1   2.125   
499991               0.05   152.400        1.125390           1   2.125   
499992               0.64   152.400        7.514323           1   2.125   
499994               0.00   152.400        8.621636           1   2.125   
499996               0.00   140.604        1.250000           1   2.125   

         ecanop_tavg  nwm_50  in_ff  PctEolFineWs        bf_ff  terra_dummy  
1763    4.189091e-06  4.1875  176.0           0.0  3312.666667            1  
1770    4.171484e-06  4.1875  176.0           0.0  3312.666667            1  
1771    4.171484e-06  4.1875  176.0           0.0  3312.666667            1  
1772    4.171484e-06  4.1875  176.0           0.0  3312.666667            1  
1773    4.171484e-06  4.1875  176.0           0.0  3312.666667            1  
...              ...     ...    ...           ...          ...          ...  
499980  3.359876e-06  4.1875  176.0           0.0  3312.666667            1  
499991  4.753431e-07  4.1875  176.0           0.0  3312.666667            1  
499992  1.998484e-07  4.1875  176.0           0.0  3312.666667            1  
499994  1.998484e-07  4.1875  176.0           0.0  3312.666667            1  
499996  4.753431e-07  4.1875  176.0           0.0  3312.666667            1  

[13651 rows x 150 columns]
transforming and plotting ...
--------------- End of Y transformation ---------------

 ------------- ML estimates complete ----------- 

